"../../../Engine/Content/Functions/Engine_MaterialFunctions01/Opacity/CameraDepthFade.uasset" 0
"../../../Engine/Content/EngineMaterials/T_Default_Material_Grid_M.uasset" 1
"../../../Engine/Content/EngineMaterials/T_Default_Material_Grid_N.uasset" 2
"../../../Engine/Content/EngineMaterials/DefaultMaterial.uasset" 3
"../../../Engine/Content/BasicShapes/Sphere.uasset" 4
"../../../../../../Users/andre/Downloads/GAME2020_M1_Boulanger_Andrew_CarCombatGame_Group/Content/BP_orbiting_fukkkk.uasset" 5
"../../../Engine/Content/Functions/Engine_MaterialFunctions02/SafeNormalize.uasset" 6
"../../../Engine/Content/Functions/Engine_MaterialFunctions02/Math/CreateThirdOrthogonalVector.uasset" 7
"../../../Engine/Content/Functions/Engine_MaterialFunctions02/Math/InverseTransformMatrix.uasset" 8
"../../../Engine/Content/Functions/Engine_MaterialFunctions02/Math/TransformToZVector.uasset" 9
"../../../Engine/Content/Functions/Engine_MaterialFunctions02/Utility/CameraDirectionVector.uasset" 10
"../../../Engine/Content/Functions/Engine_MaterialFunctions02/Utility/VectorLength.uasset" 11
"../../../Engine/Content/EngineVolumetrics/Fogsheet/Materials/T_EV_BlankWhite_01.uasset" 12
"../../../Engine/Content/Functions/Engine_MaterialFunctions01/Texturing/ParallaxOcclusionMapping.uasset" 13
"../../../Engine/Content/Functions/Engine_MaterialFunctions02/Texturing/ScreenAlignedPixelToPixelUVs.uasset" 14
"../../../Engine/Content/EngineMaterials/Good64x64TilingNoiseHighFreq.uasset" 15
"../../../Engine/Content/Functions/Engine_MaterialFunctions02/Utility/DitherTemporalAA.uasset" 16
"../../../../../../Users/andre/Downloads/GAME2020_M1_Boulanger_Andrew_CarCombatGame_Group/Content/GT_Free2020/Materials/Bitmaps/Asphalt_CrackedRoad/T_CrackedAsphaltRoad_basecolor.uasset" 17
"../../../../../../Users/andre/Downloads/GAME2020_M1_Boulanger_Andrew_CarCombatGame_Group/Content/GT_Free2020/Materials/Bitmaps/Asphalt_CrackedRoad/T_CrackedAsphaltRoad_height.uasset" 18
"../../../../../../Users/andre/Downloads/GAME2020_M1_Boulanger_Andrew_CarCombatGame_Group/Content/GT_Free2020/Materials/Bitmaps/Asphalt_CrackedRoad/T_CrackedAsphaltRoad_mrao.uasset" 19
"../../../../../../Users/andre/Downloads/GAME2020_M1_Boulanger_Andrew_CarCombatGame_Group/Content/GT_Free2020/Materials/Bitmaps/Asphalt_CrackedRoad/T_CrackedAsphaltRoad_normal.uasset" 20
"../../../../../../Users/andre/Downloads/GAME2020_M1_Boulanger_Andrew_CarCombatGame_Group/Content/GT_Free2020/Materials/Bitmaps/Glass_BeveledLeadedDiamondOld/T_BeveledLeadedGlassDiamondOld_emissive.uasset" 21
"../../../../../../Users/andre/Downloads/GAME2020_M1_Boulanger_Andrew_CarCombatGame_Group/Content/GT_Free2020/Materials/Bitmaps/Glass_BeveledLeadedDiamondOld/T_BeveledLeadedGlassDiamondOld_opacity.uasset" 22
"../../../../../../Users/andre/Downloads/GAME2020_M1_Boulanger_Andrew_CarCombatGame_Group/Content/GT_Free2020/GT_SHADE/Materials/M_GT_Basic.uasset" 23
"../../../../../../Users/andre/Downloads/GAME2020_M1_Boulanger_Andrew_CarCombatGame_Group/Content/GT_Free2020/Materials/Bitmaps/Clay_Red/T_Clay01_basecolor.uasset" 24
"../../../../../../Users/andre/Downloads/GAME2020_M1_Boulanger_Andrew_CarCombatGame_Group/Content/GT_Free2020/Materials/Bitmaps/Clay_Red/T_Clay01_mrao.uasset" 25
"../../../../../../Users/andre/Downloads/GAME2020_M1_Boulanger_Andrew_CarCombatGame_Group/Content/GT_Free2020/Materials/Bitmaps/Clay_Red/T_Clay01_normal.uasset" 26
"../../../../../../Users/andre/Downloads/GAME2020_M1_Boulanger_Andrew_CarCombatGame_Group/Content/GT_Free2020/Materials/M_Clay_Red_Inst.uasset" 27
"../../../../../../Users/andre/Downloads/GAME2020_M1_Boulanger_Andrew_CarCombatGame_Group/Content/Blueprints/BP_orbiting_Sphere.uasset" 28
"../../../../../../Users/andre/Downloads/GAME2020_M1_Boulanger_Andrew_CarCombatGame_Group/Content/BP_orbiting_Sphere.uasset" 29
"../../../../../../Users/andre/Downloads/GAME2020_M1_Boulanger_Andrew_CarCombatGame_Group/Content/Blueprints/Prime_Helix_Skeleton.uasset" 30
"../../../../../../Users/andre/Downloads/GAME2020_M1_Boulanger_Andrew_CarCombatGame_Group/Content/Blueprints/Prime_Helix.uasset" 31
"../../../../../../Users/andre/Downloads/GAME2020_M1_Boulanger_Andrew_CarCombatGame_Group/Content/Prime_Helix.uasset" 32
"../../../Engine/Content/VREditor/LaserPointer/VR_LaserPower_01.uasset" 33
"../../../Engine/Content/VREditor/LaserPointer/LaserPointerMaterial.uasset" 34
"../../../Engine/Content/VREditor/LaserPointer/LaserPointerMaterialInst.uasset" 35
"../../../Engine/Content/VREditor/LaserPointer/TranslucentLaserPointerMaterialInst.uasset" 36
"../../../../../../Users/andre/Downloads/GAME2020_M1_Boulanger_Andrew_CarCombatGame_Group/Content/Meshes/Ramp_Wonky_V2.uasset" 37
"../../../../../../Users/andre/Downloads/GAME2020_M1_Boulanger_Andrew_CarCombatGame_Group/Content/Ramp_Wonky_V2.uasset" 38
"../../../../../../Users/andre/Downloads/GAME2020_M1_Boulanger_Andrew_CarCombatGame_Group/Content/Blueprints/BPHazard.uasset" 39
"../../../../../../Users/andre/Downloads/GAME2020_M1_Boulanger_Andrew_CarCombatGame_Group/Content/Meshes/03_-_Default.uasset" 40
"../../../Engine/Content/EngineMaterials/WorldGridMaterial.uasset" 41
"../../../../../../Users/andre/Downloads/GAME2020_M1_Boulanger_Andrew_CarCombatGame_Group/Content/Blueprints/MaterialSphere.uasset" 42
"../../../../../../Users/andre/Downloads/GAME2020_M1_Boulanger_Andrew_CarCombatGame_Group/Content/Blueprints/Player_Bullet.uasset" 43
"../../../../../../Users/andre/Downloads/GAME2020_M1_Boulanger_Andrew_CarCombatGame_Group/Content/VehicleVarietyPack/Textures/Pickup/TX_Pickup_Diffuse_2.uasset" 44
"../../../../../../Users/andre/Downloads/GAME2020_M1_Boulanger_Andrew_CarCombatGame_Group/Content/VehicleVarietyPack/Textures/Pickup/TX_Pickup_Normal_2.uasset" 45
"../../../../../../Users/andre/Downloads/GAME2020_M1_Boulanger_Andrew_CarCombatGame_Group/Content/VehicleVarietyPack/Textures/Pickup/TX_Pickup_OPC_2.uasset" 46
"../../../../../../Users/andre/Downloads/GAME2020_M1_Boulanger_Andrew_CarCombatGame_Group/Content/VehicleVarietyPack/Textures/Pickup/TX_Pickup_ORM.uasset" 47
"../../../../../../Users/andre/Downloads/GAME2020_M1_Boulanger_Andrew_CarCombatGame_Group/Content/VehicleVarietyPack/Materials/Masters/M_Glass.uasset" 48
"../../../../../../Users/andre/Downloads/GAME2020_M1_Boulanger_Andrew_CarCombatGame_Group/Content/VehicleVarietyPack/Textures/SportsCar/TX_SportsCar_Glass_Diffuse.uasset" 49
"../../../../../../Users/andre/Downloads/GAME2020_M1_Boulanger_Andrew_CarCombatGame_Group/Content/VehicleVarietyPack/Textures/SportsCar/TX_SportsCar_Glass_Normal.uasset" 50
"../../../../../../Users/andre/Downloads/GAME2020_M1_Boulanger_Andrew_CarCombatGame_Group/Content/VehicleVarietyPack/Textures/SportsCar/TX_SportsCar_Glass_ORM.uasset" 51
"../../../../../../Users/andre/Downloads/GAME2020_M1_Boulanger_Andrew_CarCombatGame_Group/Content/VehicleVarietyPack/Materials/SportsCar/Mi_Glass_SportsCar.uasset" 52
"../../../Engine/Content/BasicShapes/Cone.uasset" 53
"../../../../../../Users/andre/Downloads/GAME2020_M1_Boulanger_Andrew_CarCombatGame_Group/Content/VehicleVarietyPack/Textures/SportsCar/TX_SportsCar_Interior_Diffuse.uasset" 54
"../../../../../../Users/andre/Downloads/GAME2020_M1_Boulanger_Andrew_CarCombatGame_Group/Content/VehicleVarietyPack/Textures/SportsCar/TX_SportsCar_Interior_Normal.uasset" 55
"../../../../../../Users/andre/Downloads/GAME2020_M1_Boulanger_Andrew_CarCombatGame_Group/Content/VehicleVarietyPack/Textures/SportsCar/TX_SportsCar_Interior_ORM.uasset" 56
"../../../../../../Users/andre/Downloads/GAME2020_M1_Boulanger_Andrew_CarCombatGame_Group/Content/VehicleVarietyPack/Materials/SportsCar/M_SportsCar_Interior.uasset" 57
"../../../../../../Users/andre/Downloads/GAME2020_M1_Boulanger_Andrew_CarCombatGame_Group/Content/VehicleVarietyPack/Textures/SportsCar/TX_SportsCar_Underside_Diffuse.uasset" 58
"../../../../../../Users/andre/Downloads/GAME2020_M1_Boulanger_Andrew_CarCombatGame_Group/Content/VehicleVarietyPack/Textures/SportsCar/TX_SportsCar_Underside_Normal.uasset" 59
"../../../../../../Users/andre/Downloads/GAME2020_M1_Boulanger_Andrew_CarCombatGame_Group/Content/VehicleVarietyPack/Textures/SportsCar/TX_SportsCar_Underside_ORM.uasset" 60
"../../../../../../Users/andre/Downloads/GAME2020_M1_Boulanger_Andrew_CarCombatGame_Group/Content/VehicleVarietyPack/Materials/SportsCar/M_SportsCar_Under.uasset" 61
"../../../../../../Users/andre/Downloads/GAME2020_M1_Boulanger_Andrew_CarCombatGame_Group/Content/GT_Free2020/Materials/Bitmaps/Rock_BlackGranite/T_BlackGranite_basecolor.uasset" 62
"../../../../../../Users/andre/Downloads/GAME2020_M1_Boulanger_Andrew_CarCombatGame_Group/Content/GT_Free2020/Materials/Bitmaps/Rock_BlackGranite/T_BlackGranite_mrao.uasset" 63
"../../../../../../Users/andre/Downloads/GAME2020_M1_Boulanger_Andrew_CarCombatGame_Group/Content/GT_Free2020/Materials/Bitmaps/Rock_BlackGranite/T_BlackGranite_normal.uasset" 64
"../../../../../../Users/andre/Downloads/GAME2020_M1_Boulanger_Andrew_CarCombatGame_Group/Content/GT_Free2020/Materials/M_Rock_BlackGranite_Inst.uasset" 65
"../../../../../../Users/andre/Downloads/GAME2020_M1_Boulanger_Andrew_CarCombatGame_Group/Content/VehicleVarietyPack/Skeletons/SK_SportsCar_PhysicsAsset.uasset" 66
"../../../../../../Users/andre/Downloads/GAME2020_M1_Boulanger_Andrew_CarCombatGame_Group/Content/VehicleVarietyPack/Skeletons/SK_Vehicle_Skeleton.uasset" 67
"../../../../../../Users/andre/Downloads/GAME2020_M1_Boulanger_Andrew_CarCombatGame_Group/Content/VehicleVarietyPack/Skeletons/SK_SportsCar.uasset" 68
"../../../../../../Users/andre/Downloads/GAME2020_M1_Boulanger_Andrew_CarCombatGame_Group/Content/BP_CoolerCar.uasset" 69
"../../../../../../Users/andre/Downloads/GAME2020_M1_Boulanger_Andrew_CarCombatGame_Group/Content/GT_Free2020/Materials/Bitmaps/Fabric_WovenBurgandyWool/T_WoolWovenCarpetStripedBurgundy_basecolor.uasset" 70
"../../../../../../Users/andre/Downloads/GAME2020_M1_Boulanger_Andrew_CarCombatGame_Group/Content/GT_Free2020/Materials/Bitmaps/Fabric_WovenBurgandyWool/T_WoolWovenCarpetStripedBurgundy_mrao.uasset" 71
"../../../../../../Users/andre/Downloads/GAME2020_M1_Boulanger_Andrew_CarCombatGame_Group/Content/GT_Free2020/Materials/Bitmaps/Fabric_WovenBurgandyWool/T_WoolWovenCarpetStripedBurgundy_normal.uasset" 72
"../../../../../../Users/andre/Downloads/GAME2020_M1_Boulanger_Andrew_CarCombatGame_Group/Content/GT_Free2020/Materials/M_Fabric_WovenBurgandyWool_Inst.uasset" 73
"../../../../../../Users/andre/Downloads/GAME2020_M1_Boulanger_Andrew_CarCombatGame_Group/Content/Blueprints/Enemy_Bullet.uasset" 74
"../../../../../../Users/andre/Downloads/GAME2020_M1_Boulanger_Andrew_CarCombatGame_Group/Content/VehicleVarietyPack/Textures/SportsCar/TX_SportsCar_Exterior_Diffuse.uasset" 75
"../../../../../../Users/andre/Downloads/GAME2020_M1_Boulanger_Andrew_CarCombatGame_Group/Content/VehicleVarietyPack/Textures/SportsCar/TX_Sportscar_Exterior_Emissive.uasset" 76
"../../../../../../Users/andre/Downloads/GAME2020_M1_Boulanger_Andrew_CarCombatGame_Group/Content/VehicleVarietyPack/Textures/SportsCar/TX_SportsCar_Exterior_Normal.uasset" 77
"../../../../../../Users/andre/Downloads/GAME2020_M1_Boulanger_Andrew_CarCombatGame_Group/Content/VehicleVarietyPack/Textures/SportsCar/TX_SportsCar_Exterior_ORM.uasset" 78
"../../../../../../Users/andre/Downloads/GAME2020_M1_Boulanger_Andrew_CarCombatGame_Group/Content/VehicleVarietyPack/Materials/SportsCar/M_SportsCar_Body.uasset" 79
"../../../../../../Users/andre/Downloads/GAME2020_M1_Boulanger_Andrew_CarCombatGame_Group/Content/GT_Free2020/Materials/Bitmaps/Metal_AbandonedIndustrialSteel/T_IndustrialSteelAbandoned_basecolor.uasset" 80
"../../../../../../Users/andre/Downloads/GAME2020_M1_Boulanger_Andrew_CarCombatGame_Group/Content/GT_Free2020/Materials/Bitmaps/Metal_AbandonedIndustrialSteel/T_IndustrialSteelAbandoned_mrao.uasset" 81
"../../../../../../Users/andre/Downloads/GAME2020_M1_Boulanger_Andrew_CarCombatGame_Group/Content/GT_Free2020/Materials/Bitmaps/Metal_AbandonedIndustrialSteel/T_IndustrialSteelAbandoned_normal.uasset" 82
"../../../../../../Users/andre/Downloads/GAME2020_M1_Boulanger_Andrew_CarCombatGame_Group/Content/GT_Free2020/Materials/M_Metal_AbandonedIndustrialSteel_Inst.uasset" 83
"../../../../../../Users/andre/Downloads/GAME2020_M1_Boulanger_Andrew_CarCombatGame_Group/Content/Blueprints/Turret.uasset" 84
"../../../../../../Users/andre/Downloads/GAME2020_M1_Boulanger_Andrew_CarCombatGame_Group/Content/Blueprints/brrr.uasset" 85
"../../../../../../Users/andre/Downloads/GAME2020_M1_Boulanger_Andrew_CarCombatGame_Group/Content/Blueprints/bullet.uasset" 86
"../../../../../../Users/andre/Downloads/GAME2020_M1_Boulanger_Andrew_CarCombatGame_Group/Content/Meshes/Exit.uasset" 87
"../../../../../../Users/andre/Downloads/GAME2020_M1_Boulanger_Andrew_CarCombatGame_Group/Content/Meshes/How_To_Play.uasset" 88
"../../../../../../Users/andre/Downloads/GAME2020_M1_Boulanger_Andrew_CarCombatGame_Group/Content/Meshes/PlayButton.uasset" 89
"../../../../../../Users/andre/Downloads/GAME2020_M1_Boulanger_Andrew_CarCombatGame_Group/Content/Meshes/space.uasset" 90
"../../../../../../Users/andre/Downloads/GAME2020_M1_Boulanger_Andrew_CarCombatGame_Group/Content/Meshes/0_zero.uasset" 91
"../../../../../../Users/andre/Downloads/GAME2020_M1_Boulanger_Andrew_CarCombatGame_Group/Content/Meshes/OK.uasset" 92
"../../../../../../Users/andre/Downloads/GAME2020_M1_Boulanger_Andrew_CarCombatGame_Group/Content/Meshes/spacebar.uasset" 93
"../../../../../../Users/andre/Downloads/GAME2020_M1_Boulanger_Andrew_CarCombatGame_Group/Content/Meshes/tab.uasset" 94
"../../../../../../Users/andre/Downloads/GAME2020_M1_Boulanger_Andrew_CarCombatGame_Group/Content/Meshes/wasd.uasset" 95
"../../../../../../Users/andre/Downloads/GAME2020_M1_Boulanger_Andrew_CarCombatGame_Group/Content/UI_Blueprints/UI_HowToPlay.uasset" 96
"../../../../../../Users/andre/Downloads/GAME2020_M1_Boulanger_Andrew_CarCombatGame_Group/Content/UI_Blueprints/StartUI.uasset" 97
"../../../../../../Users/andre/Downloads/GAME2020_M1_Boulanger_Andrew_CarCombatGame_Group/Content/Blueprints/StartUI.uasset" 98
"../../../../../../Users/andre/Downloads/GAME2020_M1_Boulanger_Andrew_CarCombatGame_Group/Content/UI_Blueprints/UI.uasset" 99
"../../../../../../Users/andre/Downloads/GAME2020_M1_Boulanger_Andrew_CarCombatGame_Group/Content/Blueprints/UI.uasset" 100
"../../../../../../Users/andre/Downloads/GAME2020_M1_Boulanger_Andrew_CarCombatGame_Group/Content/Blueprints/UI_HowToPlay.uasset" 101
"../../../../../../Users/andre/Downloads/GAME2020_M1_Boulanger_Andrew_CarCombatGame_Group/Content/Meshes/MenuButton.uasset" 102
"../../../../../../Users/andre/Downloads/GAME2020_M1_Boulanger_Andrew_CarCombatGame_Group/Content/UI_Blueprints/UI_MM_QuitGame.uasset" 103
"../../../../../../Users/andre/Downloads/GAME2020_M1_Boulanger_Andrew_CarCombatGame_Group/Content/Blueprints/UI_MM_QuitGame.uasset" 104
"../../../../../../Users/andre/Downloads/GAME2020_M1_Boulanger_Andrew_CarCombatGame_Group/Content/GT_Free2020/GT_SHADE/Blueprints/BP_GT_decal.uasset" 105
"../../../Engine/Content/Functions/Engine_MaterialFunctions01/Gradient/LinearGradient.uasset" 106
"../../../Engine/Content/Functions/Engine_MaterialFunctions01/ImageAdjustment/CheapContrast.uasset" 107
"../../../Engine/Content/Functions/Engine_MaterialFunctions02/Texturing/HeightLerp.uasset" 108
"../../../../../../Users/andre/Downloads/GAME2020_M1_Boulanger_Andrew_CarCombatGame_Group/Content/GT_Free2020/GT_SHADE/Materials/M_GT_Blend.uasset" 109
"../../../Engine/Content/Functions/Engine_MaterialFunctions01/Density/ExponentialDensity.uasset" 110
"../../../Engine/Content/Functions/Engine_MaterialFunctions01/Gradient/RadialGradientExponential.uasset" 111
"../../../Engine/Content/Functions/Engine_MaterialFunctions02/SmoothThreshold.uasset" 112
"../../../../../../Users/andre/Downloads/GAME2020_M1_Boulanger_Andrew_CarCombatGame_Group/Content/GT_Free2020/GT_SHADE/Materials/M_GT_Decal.uasset" 113
"../../../Engine/Content/Functions/Engine_MaterialFunctions02/SplitComponents.uasset" 114
"../../../Engine/Content/Functions/Engine_MaterialFunctions02/Utility/MakeFloat3.uasset" 115
"../../../Engine/Content/EngineMaterials/WeightMapPlaceholderTexture.uasset" 116
"../../../../../../Users/andre/Downloads/GAME2020_M1_Boulanger_Andrew_CarCombatGame_Group/Content/GT_Free2020/GT_SHADE/Materials/M_GT_Landscape.uasset" 117
"../../../../../../Users/andre/Downloads/GAME2020_M1_Boulanger_Andrew_CarCombatGame_Group/Content/GT_Free2020/Materials/Bitmaps/Brick_BrokenLimestonePath/T_BrokenLimestoneBrickPath_basecolor.uasset" 118
"../../../../../../Users/andre/Downloads/GAME2020_M1_Boulanger_Andrew_CarCombatGame_Group/Content/GT_Free2020/Materials/Bitmaps/Brick_BrokenLimestonePath/T_BrokenLimestoneBrickPath_mrao.uasset" 119
"../../../../../../Users/andre/Downloads/GAME2020_M1_Boulanger_Andrew_CarCombatGame_Group/Content/GT_Free2020/Materials/Bitmaps/Brick_BrokenLimestonePath/T_BrokenLimestoneBrickPath_normal.uasset" 120
"../../../../../../Users/andre/Downloads/GAME2020_M1_Boulanger_Andrew_CarCombatGame_Group/Content/GT_Free2020/Materials/M_Brick_BrokenLimestonePath_Inst.uasset" 121
"../../../../../../Users/andre/Downloads/GAME2020_M1_Boulanger_Andrew_CarCombatGame_Group/Content/GT_Free2020/Materials/Bitmaps/Brick_SidewalkwithCurb/T_CitySidewalkBricksCurb_basecolor.uasset" 122
"../../../../../../Users/andre/Downloads/GAME2020_M1_Boulanger_Andrew_CarCombatGame_Group/Content/GT_Free2020/Materials/Bitmaps/Brick_SidewalkwithCurb/T_CitySidewalkBricksCurb_mrao.uasset" 123
"../../../../../../Users/andre/Downloads/GAME2020_M1_Boulanger_Andrew_CarCombatGame_Group/Content/GT_Free2020/Materials/Bitmaps/Brick_SidewalkwithCurb/T_CitySidewalkBricksCurb_normal.uasset" 124
"../../../../../../Users/andre/Downloads/GAME2020_M1_Boulanger_Andrew_CarCombatGame_Group/Content/GT_Free2020/Materials/M_Brick_SidewalkwithCurb_Inst.uasset" 125
"../../../../../../Users/andre/Downloads/GAME2020_M1_Boulanger_Andrew_CarCombatGame_Group/Content/GT_Free2020/Materials/Bitmaps/Fabric_WhiteWool/T_WhiteWoolCloth_basecolor.uasset" 126
"../../../../../../Users/andre/Downloads/GAME2020_M1_Boulanger_Andrew_CarCombatGame_Group/Content/GT_Free2020/Materials/Bitmaps/Fabric_WhiteWool/T_WhiteWoolCloth_mrao.uasset" 127
"../../../../../../Users/andre/Downloads/GAME2020_M1_Boulanger_Andrew_CarCombatGame_Group/Content/GT_Free2020/Materials/Bitmaps/Fabric_WhiteWool/T_WhiteWoolCloth_normal.uasset" 128
"../../../../../../Users/andre/Downloads/GAME2020_M1_Boulanger_Andrew_CarCombatGame_Group/Content/GT_Free2020/Materials/M_Fabric_WhiteWool_Inst.uasset" 129
"../../../../../../Users/andre/Downloads/GAME2020_M1_Boulanger_Andrew_CarCombatGame_Group/Content/GT_Free2020/Materials/Bitmaps/Mud_ChunkyWetGravelandDirt/T_ChunkyWetGravelAndDirt_basecolor.uasset" 130
"../../../../../../Users/andre/Downloads/GAME2020_M1_Boulanger_Andrew_CarCombatGame_Group/Content/GT_Free2020/Materials/Bitmaps/Mud_ChunkyWetGravelandDirt/T_ChunkyWetGravelAndDirt_mrao.uasset" 131
"../../../../../../Users/andre/Downloads/GAME2020_M1_Boulanger_Andrew_CarCombatGame_Group/Content/GT_Free2020/Materials/Bitmaps/Mud_ChunkyWetGravelandDirt/T_ChunkyWetGravelAndDirt_normal.uasset" 132
"../../../../../../Users/andre/Downloads/GAME2020_M1_Boulanger_Andrew_CarCombatGame_Group/Content/GT_Free2020/Materials/M_Mud_ChunkyWetGravelandDirt_Inst.uasset" 133
"../../../../../../Users/andre/Downloads/GAME2020_M1_Boulanger_Andrew_CarCombatGame_Group/Content/GT_Free2020/Materials/Bitmaps/Mud_WetGnarlyRoot/T_GnarlyRootWet_basecolor.uasset" 134
"../../../../../../Users/andre/Downloads/GAME2020_M1_Boulanger_Andrew_CarCombatGame_Group/Content/GT_Free2020/Materials/Bitmaps/Mud_WetGnarlyRoot/T_GnarlyRootWet_mrao.uasset" 135
"../../../../../../Users/andre/Downloads/GAME2020_M1_Boulanger_Andrew_CarCombatGame_Group/Content/GT_Free2020/Materials/Bitmaps/Mud_WetGnarlyRoot/T_GnarlyRootWet_normal.uasset" 136
"../../../../../../Users/andre/Downloads/GAME2020_M1_Boulanger_Andrew_CarCombatGame_Group/Content/GT_Free2020/Materials/M_Mud_WetGnarlyRoot_Inst.uasset" 137
"../../../../../../Users/andre/Downloads/GAME2020_M1_Boulanger_Andrew_CarCombatGame_Group/Content/GT_Free2020/Materials/Bitmaps/Prop_FlatRingChainmailArmor/T_FlatRingChainmailArmor_basecolor.uasset" 138
"../../../../../../Users/andre/Downloads/GAME2020_M1_Boulanger_Andrew_CarCombatGame_Group/Content/GT_Free2020/Materials/Bitmaps/Prop_FlatRingChainmailArmor/T_FlatRingChainmailArmor_mrao.uasset" 139
"../../../../../../Users/andre/Downloads/GAME2020_M1_Boulanger_Andrew_CarCombatGame_Group/Content/GT_Free2020/Materials/Bitmaps/Prop_FlatRingChainmailArmor/T_FlatRingChainmailArmor_normal.uasset" 140
"../../../../../../Users/andre/Downloads/GAME2020_M1_Boulanger_Andrew_CarCombatGame_Group/Content/GT_Free2020/Materials/M_Prop_FlatRingChainmailArmor_Inst.uasset" 141
"../../../../../../Users/andre/Downloads/GAME2020_M1_Boulanger_Andrew_CarCombatGame_Group/Content/GT_Free2020/Materials/Bitmaps/Rock_DesertStrata03/T_DesertStrata03_basecolor.uasset" 142
"../../../../../../Users/andre/Downloads/GAME2020_M1_Boulanger_Andrew_CarCombatGame_Group/Content/GT_Free2020/Materials/Bitmaps/Rock_DesertStrata03/T_DesertStrata03_mrao.uasset" 143
"../../../../../../Users/andre/Downloads/GAME2020_M1_Boulanger_Andrew_CarCombatGame_Group/Content/GT_Free2020/Materials/Bitmaps/Rock_DesertStrata03/T_DesertStrata03_normal.uasset" 144
"../../../../../../Users/andre/Downloads/GAME2020_M1_Boulanger_Andrew_CarCombatGame_Group/Content/GT_Free2020/Materials/M_Rock_DesertStrata03_Inst.uasset" 145
"../../../../../../Users/andre/Downloads/GAME2020_M1_Boulanger_Andrew_CarCombatGame_Group/Content/GT_Free2020/Materials/Bitmaps/Rock_FracturedCliff5/T_FracturedCliff5_basecolor.uasset" 146
"../../../../../../Users/andre/Downloads/GAME2020_M1_Boulanger_Andrew_CarCombatGame_Group/Content/GT_Free2020/Materials/Bitmaps/Rock_FracturedCliff5/T_FracturedCliff5_mrao.uasset" 147
"../../../../../../Users/andre/Downloads/GAME2020_M1_Boulanger_Andrew_CarCombatGame_Group/Content/GT_Free2020/Materials/Bitmaps/Rock_FracturedCliff5/T_FracturedCliff5_normal.uasset" 148
"../../../../../../Users/andre/Downloads/GAME2020_M1_Boulanger_Andrew_CarCombatGame_Group/Content/GT_Free2020/Materials/M_Rock_FracturedCliff5_Inst.uasset" 149
"../../../../../../Users/andre/Downloads/GAME2020_M1_Boulanger_Andrew_CarCombatGame_Group/Content/GT_Free2020/Materials/Bitmaps/Roof_CeramicRed/T_CrackedRedCeramicRoof_basecolor.uasset" 150
"../../../../../../Users/andre/Downloads/GAME2020_M1_Boulanger_Andrew_CarCombatGame_Group/Content/GT_Free2020/Materials/Bitmaps/Roof_CeramicRed/T_CrackedRedCeramicRoof_mrao.uasset" 151
"../../../../../../Users/andre/Downloads/GAME2020_M1_Boulanger_Andrew_CarCombatGame_Group/Content/GT_Free2020/Materials/Bitmaps/Roof_CeramicRed/T_CrackedRedCeramicRoof_normal.uasset" 152
"../../../../../../Users/andre/Downloads/GAME2020_M1_Boulanger_Andrew_CarCombatGame_Group/Content/GT_Free2020/Materials/M_Roof_CeramicRed_Inst.uasset" 153
"../../../../../../Users/andre/Downloads/GAME2020_M1_Boulanger_Andrew_CarCombatGame_Group/Content/GT_Free2020/Materials/Bitmaps/Roof_OvergrownRoundCeramicShingle/T_RoundCeramicShingleOvergrown_basecolor.uasset" 154
"../../../../../../Users/andre/Downloads/GAME2020_M1_Boulanger_Andrew_CarCombatGame_Group/Content/GT_Free2020/Materials/Bitmaps/Roof_OvergrownRoundCeramicShingle/T_RoundCeramicShingleOvergrown_mrao.uasset" 155
"../../../../../../Users/andre/Downloads/GAME2020_M1_Boulanger_Andrew_CarCombatGame_Group/Content/GT_Free2020/Materials/Bitmaps/Roof_OvergrownRoundCeramicShingle/T_RoundCeramicShingleOvergrown_normal.uasset" 156
"../../../../../../Users/andre/Downloads/GAME2020_M1_Boulanger_Andrew_CarCombatGame_Group/Content/GT_Free2020/Materials/M_Roof_OvergrownRoundCeramicShingle_Inst.uasset" 157
"../../../../../../Users/andre/Downloads/GAME2020_M1_Boulanger_Andrew_CarCombatGame_Group/Content/GT_Free2020/Materials/Bitmaps/Trimsheet_ZigZagGroovedTires/T_ZigZagGroovesTiresTrimsheet_basecolor.uasset" 158
"../../../../../../Users/andre/Downloads/GAME2020_M1_Boulanger_Andrew_CarCombatGame_Group/Content/GT_Free2020/Materials/Bitmaps/Trimsheet_ZigZagGroovedTires/T_ZigZagGroovesTiresTrimsheet_mrao.uasset" 159
"../../../../../../Users/andre/Downloads/GAME2020_M1_Boulanger_Andrew_CarCombatGame_Group/Content/GT_Free2020/Materials/Bitmaps/Trimsheet_ZigZagGroovedTires/T_ZigZagGroovesTiresTrimsheet_normal.uasset" 160
"../../../../../../Users/andre/Downloads/GAME2020_M1_Boulanger_Andrew_CarCombatGame_Group/Content/GT_Free2020/Materials/M_Trimsheet_ZigZagGroovedTires_Inst.uasset" 161
"../../../../../../Users/andre/Downloads/GAME2020_M1_Boulanger_Andrew_CarCombatGame_Group/Content/GT_Free2020/Materials/Bitmaps/Asphalt_CrackedRoad/T_CrackedAsphaltRoad_ambientocclusion.uasset" 162
"../../../../../../Users/andre/Downloads/GAME2020_M1_Boulanger_Andrew_CarCombatGame_Group/Content/GT_Free2020/Materials/Bitmaps/Asphalt_CrackedRoad/T_CrackedAsphaltRoad_metallic.uasset" 163
"../../../../../../Users/andre/Downloads/GAME2020_M1_Boulanger_Andrew_CarCombatGame_Group/Content/GT_Free2020/Materials/Bitmaps/Brick_BrokenLimestonePath/T_BrokenLimestoneBrickPath_ambientocclusion.uasset" 164
"../../../../../../Users/andre/Downloads/GAME2020_M1_Boulanger_Andrew_CarCombatGame_Group/Content/GT_Free2020/Materials/Bitmaps/Brick_BrokenLimestonePath/T_BrokenLimestoneBrickPath_height.uasset" 165
"../../../../../../Users/andre/Downloads/GAME2020_M1_Boulanger_Andrew_CarCombatGame_Group/Content/GT_Free2020/Materials/Bitmaps/Brick_BrokenLimestonePath/T_BrokenLimestoneBrickPath_metallic.uasset" 166
"../../../../../../Users/andre/Downloads/GAME2020_M1_Boulanger_Andrew_CarCombatGame_Group/Content/GT_Free2020/Materials/Bitmaps/Brick_SidewalkwithCurb/T_CitySidewalkBricksCurb_ambientocclusion.uasset" 167
"../../../../../../Users/andre/Downloads/GAME2020_M1_Boulanger_Andrew_CarCombatGame_Group/Content/GT_Free2020/Materials/Bitmaps/Brick_SidewalkwithCurb/T_CitySidewalkBricksCurb_height.uasset" 168
"../../../../../../Users/andre/Downloads/GAME2020_M1_Boulanger_Andrew_CarCombatGame_Group/Content/GT_Free2020/Materials/Bitmaps/Brick_SidewalkwithCurb/T_CitySidewalkBricksCurb_metallic.uasset" 169
"../../../../../../Users/andre/Downloads/GAME2020_M1_Boulanger_Andrew_CarCombatGame_Group/Content/GT_Free2020/Materials/Bitmaps/Clay_Red/T_Clay01_ambientocclusion.uasset" 170
"../../../../../../Users/andre/Downloads/GAME2020_M1_Boulanger_Andrew_CarCombatGame_Group/Content/GT_Free2020/Materials/Bitmaps/Clay_Red/T_Clay01_height.uasset" 171
"../../../../../../Users/andre/Downloads/GAME2020_M1_Boulanger_Andrew_CarCombatGame_Group/Content/GT_Free2020/Materials/Bitmaps/Clay_Red/T_Clay01_metallic.uasset" 172
"../../../../../../Users/andre/Downloads/GAME2020_M1_Boulanger_Andrew_CarCombatGame_Group/Content/GT_Free2020/Materials/Bitmaps/Fabric_WhiteWool/T_WhiteWoolCloth_ambientocclusion.uasset" 173
"../../../../../../Users/andre/Downloads/GAME2020_M1_Boulanger_Andrew_CarCombatGame_Group/Content/GT_Free2020/Materials/Bitmaps/Fabric_WhiteWool/T_WhiteWoolCloth_height.uasset" 174
"../../../../../../Users/andre/Downloads/GAME2020_M1_Boulanger_Andrew_CarCombatGame_Group/Content/GT_Free2020/Materials/Bitmaps/Fabric_WhiteWool/T_WhiteWoolCloth_metallic.uasset" 175
"../../../../../../Users/andre/Downloads/GAME2020_M1_Boulanger_Andrew_CarCombatGame_Group/Content/GT_Free2020/Materials/Bitmaps/Fabric_WovenBurgandyWool/T_WoolWovenCarpetStripedBurgundy_ambientocclusion.uasset" 176
"../../../../../../Users/andre/Downloads/GAME2020_M1_Boulanger_Andrew_CarCombatGame_Group/Content/GT_Free2020/Materials/Bitmaps/Fabric_WovenBurgandyWool/T_WoolWovenCarpetStripedBurgundy_height.uasset" 177
"../../../../../../Users/andre/Downloads/GAME2020_M1_Boulanger_Andrew_CarCombatGame_Group/Content/GT_Free2020/Materials/Bitmaps/Fabric_WovenBurgandyWool/T_WoolWovenCarpetStripedBurgundy_metallic.uasset" 178
"../../../../../../Users/andre/Downloads/GAME2020_M1_Boulanger_Andrew_CarCombatGame_Group/Content/GT_Free2020/Materials/Bitmaps/Glass_BeveledLeadedDiamondOld/T_BeveledLeadedGlassDiamondOld_ambientocclusion.uasset" 179
"../../../../../../Users/andre/Downloads/GAME2020_M1_Boulanger_Andrew_CarCombatGame_Group/Content/GT_Free2020/Materials/Bitmaps/Glass_BeveledLeadedDiamondOld/T_BeveledLeadedGlassDiamondOld_basecolor.uasset" 180
"../../../../../../Users/andre/Downloads/GAME2020_M1_Boulanger_Andrew_CarCombatGame_Group/Content/GT_Free2020/Materials/Bitmaps/Glass_BeveledLeadedDiamondOld/T_BeveledLeadedGlassDiamondOld_height.uasset" 181
"../../../../../../Users/andre/Downloads/GAME2020_M1_Boulanger_Andrew_CarCombatGame_Group/Content/GT_Free2020/Materials/Bitmaps/Glass_BeveledLeadedDiamondOld/T_BeveledLeadedGlassDiamondOld_metallic.uasset" 182
"../../../../../../Users/andre/Downloads/GAME2020_M1_Boulanger_Andrew_CarCombatGame_Group/Content/GT_Free2020/Materials/Bitmaps/Glass_BeveledLeadedDiamondOld/T_BeveledLeadedGlassDiamondOld_mrao.uasset" 183
"../../../../../../Users/andre/Downloads/GAME2020_M1_Boulanger_Andrew_CarCombatGame_Group/Content/GT_Free2020/Materials/Bitmaps/Glass_BeveledLeadedDiamondOld/T_BeveledLeadedGlassDiamondOld_normal.uasset" 184
"../../../../../../Users/andre/Downloads/GAME2020_M1_Boulanger_Andrew_CarCombatGame_Group/Content/GT_Free2020/Materials/Bitmaps/Leather_WrinkledOstrichHide/T_BlackOstrichHideWrinkles2_ambientocclusion.uasset" 185
"../../../../../../Users/andre/Downloads/GAME2020_M1_Boulanger_Andrew_CarCombatGame_Group/Content/GT_Free2020/Materials/Bitmaps/Leather_WrinkledOstrichHide/T_BlackOstrichHideWrinkles2_basecolor.uasset" 186
"../../../../../../Users/andre/Downloads/GAME2020_M1_Boulanger_Andrew_CarCombatGame_Group/Content/GT_Free2020/Materials/Bitmaps/Leather_WrinkledOstrichHide/T_BlackOstrichHideWrinkles2_height.uasset" 187
"../../../../../../Users/andre/Downloads/GAME2020_M1_Boulanger_Andrew_CarCombatGame_Group/Content/GT_Free2020/Materials/Bitmaps/Leather_WrinkledOstrichHide/T_BlackOstrichHideWrinkles2_metallic.uasset" 188
"../../../../../../Users/andre/Downloads/GAME2020_M1_Boulanger_Andrew_CarCombatGame_Group/Content/GT_Free2020/Materials/Bitmaps/Leather_WrinkledOstrichHide/T_BlackOstrichHideWrinkles2_mrao.uasset" 189
"../../../../../../Users/andre/Downloads/GAME2020_M1_Boulanger_Andrew_CarCombatGame_Group/Content/GT_Free2020/Materials/Bitmaps/Leather_WrinkledOstrichHide/T_BlackOstrichHideWrinkles2_normal.uasset" 190
"../../../../../../Users/andre/Downloads/GAME2020_M1_Boulanger_Andrew_CarCombatGame_Group/Content/GT_Free2020/Materials/Bitmaps/Metal_AbandonedIndustrialSteel/T_IndustrialSteelAbandoned_ambientocclusion.uasset" 191
"../../../../../../Users/andre/Downloads/GAME2020_M1_Boulanger_Andrew_CarCombatGame_Group/Content/GT_Free2020/Materials/Bitmaps/Metal_AbandonedIndustrialSteel/T_IndustrialSteelAbandoned_height.uasset" 192
"../../../../../../Users/andre/Downloads/GAME2020_M1_Boulanger_Andrew_CarCombatGame_Group/Content/GT_Free2020/Materials/Bitmaps/Metal_AbandonedIndustrialSteel/T_IndustrialSteelAbandoned_metallic.uasset" 193
"../../../../../../Users/andre/Downloads/GAME2020_M1_Boulanger_Andrew_CarCombatGame_Group/Content/GT_Free2020/Materials/Bitmaps/Metal_DirtyHammeredCopper/T_DirtyHammeredCopper_ambientocclusion.uasset" 194
"../../../../../../Users/andre/Downloads/GAME2020_M1_Boulanger_Andrew_CarCombatGame_Group/Content/GT_Free2020/Materials/Bitmaps/Metal_DirtyHammeredCopper/T_DirtyHammeredCopper_height.uasset" 195
"../../../../../../Users/andre/Downloads/GAME2020_M1_Boulanger_Andrew_CarCombatGame_Group/Content/GT_Free2020/Materials/Bitmaps/Metal_DirtyHammeredCopper/T_DirtyHammeredCopper_metallic.uasset" 196
"../../../../../../Users/andre/Downloads/GAME2020_M1_Boulanger_Andrew_CarCombatGame_Group/Content/GT_Free2020/Materials/Bitmaps/Mud_ChunkyWetGravelandDirt/T_ChunkyWetGravelAndDirt_ambientocclusion.uasset" 197
"../../../../../../Users/andre/Downloads/GAME2020_M1_Boulanger_Andrew_CarCombatGame_Group/Content/GT_Free2020/Materials/Bitmaps/Mud_ChunkyWetGravelandDirt/T_ChunkyWetGravelAndDirt_height.uasset" 198
"../../../../../../Users/andre/Downloads/GAME2020_M1_Boulanger_Andrew_CarCombatGame_Group/Content/GT_Free2020/Materials/Bitmaps/Mud_ChunkyWetGravelandDirt/T_ChunkyWetGravelAndDirt_metallic.uasset" 199
"../../../../../../Users/andre/Downloads/GAME2020_M1_Boulanger_Andrew_CarCombatGame_Group/Content/GT_Free2020/Materials/Bitmaps/Mud_WetGnarlyRoot/T_GnarlyRootWet_ambientocclusion.uasset" 200
"../../../../../../Users/andre/Downloads/GAME2020_M1_Boulanger_Andrew_CarCombatGame_Group/Content/GT_Free2020/Materials/Bitmaps/Mud_WetGnarlyRoot/T_GnarlyRootWet_height.uasset" 201
"../../../../../../Users/andre/Downloads/GAME2020_M1_Boulanger_Andrew_CarCombatGame_Group/Content/GT_Free2020/Materials/Bitmaps/Mud_WetGnarlyRoot/T_GnarlyRootWet_metallic.uasset" 202
"../../../../../../Users/andre/Downloads/GAME2020_M1_Boulanger_Andrew_CarCombatGame_Group/Content/GT_Free2020/Materials/Bitmaps/Prop_FlatRingChainmailArmor/T_FlatRingChainmailArmor_ambientocclusion.uasset" 203
"../../../../../../Users/andre/Downloads/GAME2020_M1_Boulanger_Andrew_CarCombatGame_Group/Content/GT_Free2020/Materials/Bitmaps/Prop_FlatRingChainmailArmor/T_FlatRingChainmailArmor_height.uasset" 204
"../../../../../../Users/andre/Downloads/GAME2020_M1_Boulanger_Andrew_CarCombatGame_Group/Content/GT_Free2020/Materials/Bitmaps/Prop_FlatRingChainmailArmor/T_FlatRingChainmailArmor_metallic.uasset" 205
"../../../../../../Users/andre/Downloads/GAME2020_M1_Boulanger_Andrew_CarCombatGame_Group/Content/GT_Free2020/Materials/Bitmaps/Prop_FlatRingChainmailArmor/T_FlatRingChainmailArmor_opacity.uasset" 206
"../../../../../../Users/andre/Downloads/GAME2020_M1_Boulanger_Andrew_CarCombatGame_Group/Content/GT_Free2020/Materials/Bitmaps/Rock_BlackGranite/T_BlackGranite_ambientocclusion.uasset" 207
"../../../../../../Users/andre/Downloads/GAME2020_M1_Boulanger_Andrew_CarCombatGame_Group/Content/GT_Free2020/Materials/Bitmaps/Rock_BlackGranite/T_BlackGranite_ddna.uasset" 208
"../../../../../../Users/andre/Downloads/GAME2020_M1_Boulanger_Andrew_CarCombatGame_Group/Content/GT_Free2020/Materials/Bitmaps/Rock_BlackGranite/T_BlackGranite_height.uasset" 209
"../../../../../../Users/andre/Downloads/GAME2020_M1_Boulanger_Andrew_CarCombatGame_Group/Content/GT_Free2020/Materials/Bitmaps/Rock_DesertStrata03/T_DesertStrata03_ambientocclusion.uasset" 210
"../../../../../../Users/andre/Downloads/GAME2020_M1_Boulanger_Andrew_CarCombatGame_Group/Content/GT_Free2020/Materials/Bitmaps/Rock_DesertStrata03/T_DesertStrata03_height.uasset" 211
"../../../../../../Users/andre/Downloads/GAME2020_M1_Boulanger_Andrew_CarCombatGame_Group/Content/GT_Free2020/Materials/Bitmaps/Rock_DesertStrata03/T_DesertStrata03_metallic.uasset" 212
"../../../../../../Users/andre/Downloads/GAME2020_M1_Boulanger_Andrew_CarCombatGame_Group/Content/GT_Free2020/Materials/Bitmaps/Rock_FracturedCliff5/T_FracturedCliff5_ambientocclusion.uasset" 213
"../../../../../../Users/andre/Downloads/GAME2020_M1_Boulanger_Andrew_CarCombatGame_Group/Content/GT_Free2020/Materials/Bitmaps/Rock_FracturedCliff5/T_FracturedCliff5_height.uasset" 214
"../../../../../../Users/andre/Downloads/GAME2020_M1_Boulanger_Andrew_CarCombatGame_Group/Content/GT_Free2020/Materials/Bitmaps/Rock_FracturedCliff5/T_FracturedCliff5_metallic.uasset" 215
"../../../../../../Users/andre/Downloads/GAME2020_M1_Boulanger_Andrew_CarCombatGame_Group/Content/GT_Free2020/Materials/Bitmaps/Roof_CeramicRed/T_CrackedRedCeramicRoof_ambientocclusion.uasset" 216
"../../../../../../Users/andre/Downloads/GAME2020_M1_Boulanger_Andrew_CarCombatGame_Group/Content/GT_Free2020/Materials/Bitmaps/Roof_CeramicRed/T_CrackedRedCeramicRoof_height.uasset" 217
"../../../../../../Users/andre/Downloads/GAME2020_M1_Boulanger_Andrew_CarCombatGame_Group/Content/GT_Free2020/Materials/Bitmaps/Roof_CeramicRed/T_CrackedRedCeramicRoof_metallic.uasset" 218
"../../../../../../Users/andre/Downloads/GAME2020_M1_Boulanger_Andrew_CarCombatGame_Group/Content/GT_Free2020/Materials/Bitmaps/Roof_OvergrownRoundCeramicShingle/T_RoundCeramicShingleOvergrown_ambientocclusion.uasset" 219
"../../../../../../Users/andre/Downloads/GAME2020_M1_Boulanger_Andrew_CarCombatGame_Group/Content/GT_Free2020/Materials/Bitmaps/Roof_OvergrownRoundCeramicShingle/T_RoundCeramicShingleOvergrown_height.uasset" 220
"../../../../../../Users/andre/Downloads/GAME2020_M1_Boulanger_Andrew_CarCombatGame_Group/Content/GT_Free2020/Materials/Bitmaps/Roof_OvergrownRoundCeramicShingle/T_RoundCeramicShingleOvergrown_metallic.uasset" 221
"../../../../../../Users/andre/Downloads/GAME2020_M1_Boulanger_Andrew_CarCombatGame_Group/Content/GT_Free2020/Materials/Bitmaps/Trimsheet_Biomech/T_BiomechTrimKit_ambientocclusion.uasset" 222
"../../../../../../Users/andre/Downloads/GAME2020_M1_Boulanger_Andrew_CarCombatGame_Group/Content/GT_Free2020/Materials/Bitmaps/Trimsheet_Biomech/T_BiomechTrimKit_height.uasset" 223
"../../../../../../Users/andre/Downloads/GAME2020_M1_Boulanger_Andrew_CarCombatGame_Group/Content/GT_Free2020/Materials/Bitmaps/Trimsheet_Biomech/T_BiomechTrimKit_metallic.uasset" 224
"../../../../../../Users/andre/Downloads/GAME2020_M1_Boulanger_Andrew_CarCombatGame_Group/Content/GT_Free2020/Materials/Bitmaps/Trimsheet_ZigZagGroovedTires/T_ZigZagGroovesTiresTrimsheet_ambientocclusion.uasset" 225
"../../../../../../Users/andre/Downloads/GAME2020_M1_Boulanger_Andrew_CarCombatGame_Group/Content/GT_Free2020/Materials/Bitmaps/Trimsheet_ZigZagGroovedTires/T_ZigZagGroovesTiresTrimsheet_height.uasset" 226
"../../../../../../Users/andre/Downloads/GAME2020_M1_Boulanger_Andrew_CarCombatGame_Group/Content/GT_Free2020/Materials/Bitmaps/Trimsheet_ZigZagGroovedTires/T_ZigZagGroovesTiresTrimsheet_metallic.uasset" 227
"../../../../../../Users/andre/Downloads/GAME2020_M1_Boulanger_Andrew_CarCombatGame_Group/Content/GT_Free2020/Materials/Bitmaps/Wood_OldPlanksWithBolts/T_OldWoodPlankFloorWithBolts_ambientocclusion.uasset" 228
"../../../../../../Users/andre/Downloads/GAME2020_M1_Boulanger_Andrew_CarCombatGame_Group/Content/GT_Free2020/Materials/Bitmaps/Wood_OldPlanksWithBolts/T_OldWoodPlankFloorWithBolts_height.uasset" 229
"../../../../../../Users/andre/Downloads/GAME2020_M1_Boulanger_Andrew_CarCombatGame_Group/Content/GT_Free2020/Materials/Bitmaps/Wood_OldPlanksWithBolts/T_OldWoodPlankFloorWithBolts_metallic.uasset" 230
"../../../../../../Users/andre/Downloads/GAME2020_M1_Boulanger_Andrew_CarCombatGame_Group/Content/Meshes/02_-_Default.uasset" 231
"../../../../../../Users/andre/Downloads/GAME2020_M1_Boulanger_Andrew_CarCombatGame_Group/Content/Meshes/ExitButton.uasset" 232
"../../../../../../Users/andre/Downloads/GAME2020_M1_Boulanger_Andrew_CarCombatGame_Group/Content/Meshes/StartButton.uasset" 233
"../../../Engine/Content/VREditor/UI/KeyMaterial.uasset" 234
"../../../Engine/Content/VREditor/UI/FrameMaterial.uasset" 235
"../../../../../../Users/andre/Downloads/GAME2020_M1_Boulanger_Andrew_CarCombatGame_Group/Content/Meshes/Structure.uasset" 236
"../../../../../../Users/andre/Downloads/GAME2020_M1_Boulanger_Andrew_CarCombatGame_Group/Content/VehicleVarietyPack/Plane.uasset" 237
"../../../../../../Users/andre/Downloads/GAME2020_M1_Boulanger_Andrew_CarCombatGame_Group/Content/VehicleVarietyPack/Blueprints/SportsCar/AB_CoolerCar.uasset" 238
"../../../../../../Users/andre/Downloads/GAME2020_M1_Boulanger_Andrew_CarCombatGame_Group/Content/VehicleVarietyPack/Blueprints/SportsCar/DA_SC_TireConfig.uasset" 239
"../../../../../../Users/andre/Downloads/GAME2020_M1_Boulanger_Andrew_CarCombatGame_Group/Content/VehicleVarietyPack/Blueprints/SportsCar/BP_SC_Wheel_Front.uasset" 240
"../../../../../../Users/andre/Downloads/GAME2020_M1_Boulanger_Andrew_CarCombatGame_Group/Content/VehicleVarietyPack/Blueprints/SportsCar/BP_SC_Wheel_Rear.uasset" 241
"../../../../../../Users/andre/Downloads/GAME2020_M1_Boulanger_Andrew_CarCombatGame_Group/Content/VehicleVarietyPack/Materials/Masters/M_Blank.uasset" 242
"../../../../../../Users/andre/Downloads/GAME2020_M1_Boulanger_Andrew_CarCombatGame_Group/Content/VehicleVarietyPack/Textures/TX_Asphalt_Dry_Diffuse.uasset" 243
"../../../../../../Users/andre/Downloads/GAME2020_M1_Boulanger_Andrew_CarCombatGame_Group/Content/VehicleVarietyPack/Textures/TX_Asphalt_Dry_Normal.uasset" 244
"../../../../../../Users/andre/Downloads/GAME2020_M1_Boulanger_Andrew_CarCombatGame_Group/Content/VehicleVarietyPack/Textures/TX_Asphalt_Wet_RGB.uasset" 245
"../../../../../../Users/andre/Downloads/GAME2020_M1_Boulanger_Andrew_CarCombatGame_Group/Content/VehicleVarietyPack/Materials/Masters/M_Floor.uasset" 246
"../../../../../../Users/andre/Downloads/GAME2020_M1_Boulanger_Andrew_CarCombatGame_Group/Content/VehicleVarietyPack/Meshes/SM_SportsCar.uasset" 247
"../../../../../../Users/andre/Downloads/GAME2020_M1_Boulanger_Andrew_CarCombatGame_Group/Content/VehicleVarietyPack/Textures/TX_LUT_Adjustments.uasset" 248
"../../../../../../Users/andre/Downloads/GAME2020_M1_Boulanger_Andrew_CarCombatGame_Group/Content/VehicleVarietyPack/Textures/TX_StudioLighting.uasset" 249
"../../../../../../Users/andre/Downloads/GAME2020_M1_Boulanger_Andrew_CarCombatGame_Group/Content/VehicleVarietyPack/Textures/Pickup/TX_Pickup_Diffuse.uasset" 250
"../../../../../../Users/andre/Downloads/GAME2020_M1_Boulanger_Andrew_CarCombatGame_Group/Content/VehicleVarietyPack/Textures/Pickup/TX_Pickup_Diffuse_1.uasset" 251
"../../../../../../Users/andre/Downloads/GAME2020_M1_Boulanger_Andrew_CarCombatGame_Group/Content/VehicleVarietyPack/Textures/Pickup/TX_Pickup_EMM.uasset" 252
"../../../../../../Users/andre/Downloads/GAME2020_M1_Boulanger_Andrew_CarCombatGame_Group/Content/VehicleVarietyPack/Textures/Pickup/TX_Pickup_Interior_Diffuse.uasset" 253
"../../../../../../Users/andre/Downloads/GAME2020_M1_Boulanger_Andrew_CarCombatGame_Group/Content/VehicleVarietyPack/Textures/Pickup/TX_Pickup_Interior_Normal.uasset" 254
"../../../../../../Users/andre/Downloads/GAME2020_M1_Boulanger_Andrew_CarCombatGame_Group/Content/VehicleVarietyPack/Textures/Pickup/TX_Pickup_Interior_OPC.uasset" 255
"../../../../../../Users/andre/Downloads/GAME2020_M1_Boulanger_Andrew_CarCombatGame_Group/Content/VehicleVarietyPack/Textures/Pickup/TX_Pickup_Interior_ORM.uasset" 256
"../../../../../../Users/andre/Downloads/GAME2020_M1_Boulanger_Andrew_CarCombatGame_Group/Content/VehicleVarietyPack/Textures/Pickup/TX_Pickup_Normal.uasset" 257
"../../../../../../Users/andre/Downloads/GAME2020_M1_Boulanger_Andrew_CarCombatGame_Group/Content/VehicleVarietyPack/Textures/Pickup/TX_Pickup_Normal_1.uasset" 258
"../../../../../../Users/andre/Downloads/GAME2020_M1_Boulanger_Andrew_CarCombatGame_Group/Content/VehicleVarietyPack/Textures/Pickup/TX_Pickup_ORM_1.uasset" 259
"../../../../../../Users/andre/Downloads/GAME2020_M1_Boulanger_Andrew_CarCombatGame_Group/Content/VehicleVarietyPack/Textures/Pickup/TX_Pickup_ORM_2.uasset" 260
"../../../Engine/Content/Animation/DefaultAnimCurveCompressionSettings.uasset" 261
"../../../Engine/Content/ArtTools/RenderToTexture/Meshes/S_1_Unit_Plane.uasset" 262
"../../../Engine/Content/BasicShapes/Cube.uasset" 263
"../../../Engine/Content/BasicShapes/Plane.uasset" 264
"../../../Engine/Content/EditorLandscapeResources/DataLayer.uasset" 265
"../../../Engine/Content/EditorMaterials/MAT_Groups_Toggle.uasset" 266
"../../../Engine/Content/EditorMaterials/MAT_Groups_Visibility.uasset" 267
"../../../Engine/Content/EditorMaterials/PreviewShadowIndicator.uasset" 268
"../../../Engine/Content/EditorMaterials/PreviewShadowIndicatorMaterial.uasset" 269
"../../../Engine/Content/EditorMaterials/MatineeGroups/MAT_ColorTrack.uasset" 270
"../../../Engine/Content/EditorMaterials/MatineeGroups/MAT_Groups_Anim.uasset" 271
"../../../Engine/Content/EditorMaterials/MatineeGroups/MAT_Groups_AudioMaster.uasset" 272
"../../../Engine/Content/EditorMaterials/MatineeGroups/MAT_Groups_Director.uasset" 273
"../../../Engine/Content/EditorMaterials/MatineeGroups/MAT_Groups_Event.uasset" 274
"../../../Engine/Content/EditorMaterials/MatineeGroups/MAT_Groups_Fade.uasset" 275
"../../../Engine/Content/EditorMaterials/MatineeGroups/MAT_Groups_Float.uasset" 276
"../../../Engine/Content/EditorMaterials/MatineeGroups/MAT_Groups_Move.uasset" 277
"../../../Engine/Content/EditorMaterials/MatineeGroups/MAT_Groups_Slomo.uasset" 278
"../../../Engine/Content/EditorMaterials/MatineeGroups/MAT_Groups_Sound.uasset" 279
"../../../Engine/Content/EditorMaterials/MatineeGroups/MAT_Groups_Vector.uasset" 280
"../../../Engine/Content/EditorMaterials/ParticleSystems/PSysThumbnail_NoImage.uasset" 281
"../../../Engine/Content/EditorMaterials/ParticleSystems/PSysThumbnail_OOD.uasset" 282
"../../../Engine/Content/EditorMaterials/Camera/CineMat.uasset" 283
"../../../Engine/Content/EditorMaterials/Camera/MI_CineMat_Rig.uasset" 284
"../../../Engine/Content/EditorMeshes/Camera/SM_CraneRig_Arm.uasset" 285
"../../../Engine/Content/EditorMeshes/Camera/SM_CraneRig_Base.uasset" 286
"../../../Engine/Content/EditorMeshes/Camera/SM_CraneRig_Body.uasset" 287
"../../../Engine/Content/EditorMeshes/Camera/SM_CraneRig_Mount.uasset" 288
"../../../Engine/Content/EditorMeshes/Camera/SM_RailRig_Mount.uasset" 289
"../../../Engine/Content/EditorMeshes/Camera/SM_RailRig_Track.uasset" 290
"../../../Engine/Content/EditorResources/BSPVertex.uasset" 291
"../../../Engine/Content/EditorResources/EmptyActor.uasset" 292
"../../../Engine/Content/EditorResources/S_Actor.uasset" 293
"../../../Engine/Content/EditorResources/S_Note.uasset" 294
"../../../Engine/Content/EditorResources/S_Solver.uasset" 295
"../../../Engine/Content/EditorResources/S_Trigger.uasset" 296
"../../../Engine/Content/EditorResources/LightIcons/S_LightError.uasset" 297
"../../../Engine/Content/EditorResources/SequenceRecorder/Countdown.uasset" 298
"../../../Engine/Content/EditorResources/SequenceRecorder/RecordingIndicator.uasset" 299
"../../../Engine/Content/EditorSounds/Notifications/CompileFailed.uasset" 300
"../../../Engine/Content/EditorSounds/Notifications/CompileFailed_Cue.uasset" 301
"../../../Engine/Content/EditorSounds/Notifications/CompileSuccess.uasset" 302
"../../../Engine/Content/EditorSounds/Notifications/CompileStart_Cue.uasset" 303
"../../../Engine/Content/EditorSounds/Notifications/CompileSuccess_Cue.uasset" 304
"../../../Engine/Content/EngineDamageTypes/DmgTypeBP_Environmental.uasset" 305
"../../../Engine/Content/EngineDebugMaterials/DebugEditorMaterial.uasset" 306
"../../../Engine/Content/EngineDebugMaterials/DebugMeshMaterial.uasset" 307
"../../../Engine/Content/EngineDebugMaterials/M_SimpleUnlitTranslucent.uasset" 308
"../../../Engine/Content/EngineDebugMaterials/VolumeToRender.uasset" 309
"../../../Engine/Content/EngineDebugMaterials/M_VolumeRenderSphereTracePP.uasset" 310
"../../../Engine/Content/EngineDebugMaterials/WireframeMaterial.uasset" 311
"../../../Engine/Content/EngineFonts/Faces/DroidSansFallback.uasset" 312
"../../../Engine/Content/EngineFonts/Faces/RobotoBold.uasset" 313
"../../../Engine/Content/EngineFonts/Faces/RobotoBoldItalic.uasset" 314
"../../../Engine/Content/EngineFonts/Faces/RobotoItalic.uasset" 315
"../../../Engine/Content/EngineFonts/Faces/RobotoLight.uasset" 316
"../../../Engine/Content/EngineFonts/Faces/RobotoRegular.uasset" 317
"../../../Engine/Content/EngineFonts/Roboto.uasset" 318
"../../../Engine/Content/EngineMaterials/BaseFlattenDiffuseMap.uasset" 319
"../../../Engine/Content/EngineMaterials/BaseFlattenEmissiveMap.uasset" 320
"../../../Engine/Content/EngineMaterials/BaseFlattenGrayscaleMap.uasset" 321
"../../../Engine/Content/EngineMaterials/BaseFlattenNormalMap.uasset" 322
"../../../Engine/Content/EngineMaterials/BaseFlattenMaterial.uasset" 323
"../../../Engine/Content/EngineMaterials/BlueNoise.uasset" 324
"../../../Engine/Content/EngineMaterials/DefaultBloomKernel.uasset" 325
"../../../Engine/Content/EngineMaterials/DefaultBokeh.uasset" 326
"../../../Engine/Content/EngineMaterials/DefaultDiffuse.uasset" 327
"../../../Engine/Content/EngineMaterials/DefaultDeferredDecalMaterial.uasset" 328
"../../../Engine/Content/EngineMaterials/DefaultLightFunctionMaterial.uasset" 329
"../../../Engine/Content/Functions/Engine_MaterialFunctions02/Utility/BreakOutFloat2Components.uasset" 330
"../../../Engine/Content/EngineMaterials/DefaultPostProcessMaterial.uasset" 331
"../../../Engine/Content/EngineFonts/RobotoDistanceField.uasset" 332
"../../../Engine/Content/EngineMaterials/DefaultTextMaterialOpaque.uasset" 333
"../../../Engine/Content/EngineMaterials/DefaultWhiteGrid.uasset" 334
"../../../Engine/Content/EngineMaterials/DefaultWhiteGrid_Low.uasset" 335
"../../../Engine/Content/EngineMaterials/EmissiveMeshMaterial.uasset" 336
"../../../Engine/Content/EngineMaterials/GizmoMaterial.uasset" 337
"../../../Engine/Content/EngineMaterials/MiniFont.uasset" 338
"../../../Engine/Content/EngineMaterials/InvalidLightmapSettings.uasset" 339
"../../../Engine/Content/EngineMaterials/M_InvalidLightmapSettings.uasset" 340
"../../../Engine/Content/Functions/Engine_MaterialFunctions02/WorldPositionOffset/CameraOffset.uasset" 341
"../../../Engine/Content/EngineMaterials/PhAT_JointLimitMaterial.uasset" 342
"../../../Engine/Content/EngineMaterials/PreintegratedSkinBRDF.uasset" 343
"../../../Engine/Content/EngineMaterials/RemoveSurfaceMaterial.uasset" 344
"../../../Engine/Content/EngineResources/WhiteSquareTexture.uasset" 345
"../../../Engine/Content/EngineMaterials/Widget3DPassThrough.uasset" 346
"../../../Engine/Content/EngineMaterials/Widget3DPassThrough_Masked.uasset" 347
"../../../Engine/Content/EngineMaterials/Widget3DPassThrough_Opaque.uasset" 348
"../../../Engine/Content/EngineMaterials/Widget3DPassThrough_Masked_OneSided.uasset" 349
"../../../Engine/Content/EngineMaterials/Widget3DPassThrough_Opaque_OneSided.uasset" 350
"../../../Engine/Content/EngineMaterials/Widget3DPassThrough_Translucent.uasset" 351
"../../../Engine/Content/EngineMaterials/Widget3DPassThrough_Translucent_OneSided.uasset" 352
"../../../Engine/Content/EngineMeshes/Cylinder.uasset" 353
"../../../Engine/Content/EngineMeshes/Sphere.uasset" 354
"../../../Engine/Content/EngineResources/Black.uasset" 355
"../../../Engine/Content/EngineResources/DefaultTexture.uasset" 356
"../../../Engine/Content/EngineResources/DefaultTextureCube.uasset" 357
"../../../Engine/Content/EngineResources/DefaultVolumeTexture2D.uasset" 358
"../../../Engine/Content/EngineResources/DefaultVolumeTexture.uasset" 359
"../../../Engine/Content/EngineResources/GradientTexture0.uasset" 360
"../../../Engine/Content/EngineSounds/Master.uasset" 361
"../../../Engine/Content/Functions/Engine_MaterialFunctions01/Shading/ConvertFromDiffSpec.uasset" 362
"../../../Engine/Content/Functions/Engine_MaterialFunctions01/Shading/PowerToRoughness.uasset" 363
"../../../Engine/Content/Maps/Templates/Thumbnails/Default.uasset" 364
"../../../Engine/Content/Maps/Templates/Thumbnails/TimeOfDay.uasset" 365
"../../../Engine/Content/Maps/Templates/Thumbnails/VR-Basic.uasset" 366
"../../../Engine/Content/MobileResources/T_MobileControls_texture.uasset" 367
"../../../Engine/Content/MobileResources/T_MobileMenu2.uasset" 368
"../../../Engine/Content/MobileResources/HUD/AnalogHat.uasset" 369
"../../../Engine/Content/MobileResources/HUD/VirtualJoystick_Background.uasset" 370
"../../../Engine/Content/MobileResources/HUD/VirtualJoystick_Thumb.uasset" 371
"../../../Engine/Content/MobileResources/HUD/DefaultVirtualJoysticks.uasset" 372
"../../../Engine/Content/MobileResources/HUD/LeftVirtualJoystickOnly.uasset" 373
"../../../Engine/Content/MobileResources/HUD/MobileHUDButton1_off.uasset" 374
"../../../Engine/Content/MobileResources/HUD/MobileHUDButton1_on.uasset" 375
"../../../Engine/Content/MobileResources/HUD/MobileHUDButton2_off.uasset" 376
"../../../Engine/Content/MobileResources/HUD/MobileHUDButton2_on.uasset" 377
"../../../Engine/Content/MobileResources/HUD/MobileHUDButton3.uasset" 378
"../../../Engine/Content/MobileResources/HUD/MobileHUDButtonFire.uasset" 379
"../../../Engine/Content/MobileResources/HUD/MobileHUDDirectionPad.uasset" 380
"../../../Engine/Content/MobileResources/HUD/MobileHUDDirectionPad2.uasset" 381
"../../../Engine/Content/MobileResources/HUD/MobileHUDDirectionPad3.uasset" 382
"../../../Engine/Content/MobileResources/HUD/MobileHUDDirectionStick.uasset" 383
"../../../Engine/Content/MobileResources/HUD/T_Castle_ThumbstickInner.uasset" 384
"../../../Engine/Content/MobileResources/HUD/T_Castle_ThumbstickOutter.uasset" 385
"../../../Engine/Content/Tutorial/ContentIntroCurve.uasset" 386
"../../../Engine/Content/Tutorial/Basics/LevelEditorAttract.uasset" 387
"../../../Engine/Content/Tutorial/Basics/TutorialAssets/icon_tab_Levels_40x.uasset" 388
"../../../Engine/Content/Tutorial/Basics/LevelEditorOverview.uasset" 389
"../../../Engine/Content/Tutorial/Landscape/TutorialAssets/Landscape.uasset" 390
"../../../Engine/Content/Tutorial/Landscape/LandscapeWalkThrough.uasset" 391
"../../../Engine/Content/Tutorial/Landscape/Landscape_Manage_Mode.uasset" 392
"../../../Engine/Content/EditorBlueprintResources/StandardMacros.uasset" 393
"../../../Engine/Content/Tutorial/Landscape/Landscape_Painting_Mode.uasset" 394
"../../../Engine/Content/Tutorial/Landscape/Landscape_Sculpt_Mode.uasset" 395
"../../../Engine/Content/VREditor/TransformGizmo/TransformGizmoMaterial.uasset" 396
"../../../Engine/Content/VREditor/TransformGizmo/TranslucentTransformGizmoMaterial.uasset" 397
"../../../Engine/Content/VREditor/TransformGizmo/BoundingBoxCorner.uasset" 398
"../../../Engine/Content/VREditor/TransformGizmo/BoundingBoxEdge.uasset" 399
"../../../Engine/Content/VREditor/TransformGizmo/PlaneTranslationHandle.uasset" 400
"../../../Engine/Content/VREditor/TransformGizmo/Main.uasset" 401
"../../../Engine/Content/VREditor/TransformGizmo/Xray.uasset" 402
"../../../Engine/Content/VREditor/TransformGizmo/SM_Sequencer_Key.uasset" 403
"../../../Engine/Content/VREditor/TransformGizmo/SM_Sequencer_Node.uasset" 404
"../../Plugins/2D/Paper2D/Content/PlaceholderTextures/DummySpriteTexture.uasset" 405
"../../Plugins/2D/Paper2D/Content/DummySprite.uasset" 406
"../../Plugins/2D/Paper2D/Content/DefaultPaperTerrainMaterial.uasset" 407
"../../Plugins/2D/Paper2D/Content/DefaultSpriteMaterial.uasset" 408
"../../Plugins/2D/Paper2D/Content/MaskedUnlitSpriteMaterial.uasset" 409
"../../Plugins/2D/Paper2D/Content/OpaqueUnlitSpriteMaterial.uasset" 410
"../../Plugins/FX/Niagara/Content/Enums/ENiagaraBooleanLogicOps.uasset" 411
"../../Plugins/FX/Niagara/Content/Enums/ENiagaraCoordinateSpace.uasset" 412
"../../Plugins/FX/Niagara/Content/Enums/ENiagaraExpansionMode.uasset" 413
"../../Plugins/FX/Niagara/Content/Enums/ENiagaraOrientationAxis.uasset" 414
"../../Plugins/FX/Niagara/Content/Enums/ENiagaraRandomnessMode.uasset" 415
"../../../Engine/Content/Functions/Engine_MaterialFunctions02/Utility/BreakOutFloat4Components.uasset" 416
"../../../Engine/Content/Functions/Engine_MaterialFunctions02/Utility/MakeFloat2.uasset" 417
"../../Plugins/Runtime/Oculus/OculusVR/Content/Materials/OculusMR_ChromaKey.uasset" 418
"../../Plugins/Runtime/Oculus/OculusVR/Content/Materials/OculusMR_ChromaKey_Lit.uasset" 419
"../../Plugins/Runtime/Oculus/OculusVR/Content/Materials/OculusMR_OpaqueColoredMaterial.uasset" 420
"../../Plugins/Runtime/Oculus/OculusVR/Content/Materials/OculusMR_WhiteMaterial.uasset" 421
"../../../Engine/Content/EngineSky/C_Sky_Cloud_Color.uasset" 422
"../../../Engine/Content/EngineSky/C_Sky_Horizon_Color.uasset" 423
"../../../Engine/Content/EngineSky/C_Sky_Zenith_Color.uasset" 424
"../../../Engine/Content/EngineSky/T_Sky_Blue.uasset" 425
"../../../Engine/Content/EngineSky/T_Sky_Clouds_M.uasset" 426
"../../../Engine/Content/EngineSky/T_Sky_Stars.uasset" 427
"../../../Engine/Content/EngineSky/M_Sky_Panning_Clouds2.uasset" 428
"../../../Engine/Content/EngineSky/SM_SkySphere.uasset" 429
"../../../Engine/Content/EngineSky/BP_Sky_Sphere.uasset" 430
"../../../../../../Users/andre/Downloads/GAME2020_M1_Boulanger_Andrew_CarCombatGame_Group/Content/Blueprints/SK_Car_Skeleton.uasset" 431
"../../../../../../Users/andre/Downloads/GAME2020_M1_Boulanger_Andrew_CarCombatGame_Group/Content/Blueprints/NewAnimBlueprint1.uasset" 432
"../../../../../../Users/andre/Downloads/GAME2020_M1_Boulanger_Andrew_CarCombatGame_Group/Content/GT_Free2020/Materials/Bitmaps/Metal_DirtyHammeredCopper/T_DirtyHammeredCopper_basecolor.uasset" 433
"../../../../../../Users/andre/Downloads/GAME2020_M1_Boulanger_Andrew_CarCombatGame_Group/Content/GT_Free2020/Materials/Bitmaps/Metal_DirtyHammeredCopper/T_DirtyHammeredCopper_mrao.uasset" 434
"../../../../../../Users/andre/Downloads/GAME2020_M1_Boulanger_Andrew_CarCombatGame_Group/Content/GT_Free2020/Materials/Bitmaps/Metal_DirtyHammeredCopper/T_DirtyHammeredCopper_normal.uasset" 435
"../../../../../../Users/andre/Downloads/GAME2020_M1_Boulanger_Andrew_CarCombatGame_Group/Content/GT_Free2020/Materials/M_Metal_DirtyHammeredCopper_Inst.uasset" 436
"../../../../../../Users/andre/Downloads/GAME2020_M1_Boulanger_Andrew_CarCombatGame_Group/Content/GT_Free2020/Materials/Bitmaps/Wood_OldPlanksWithBolts/T_OldWoodPlankFloorWithBolts_basecolor.uasset" 437
"../../../../../../Users/andre/Downloads/GAME2020_M1_Boulanger_Andrew_CarCombatGame_Group/Content/GT_Free2020/Materials/Bitmaps/Wood_OldPlanksWithBolts/T_OldWoodPlankFloorWithBolts_mrao.uasset" 438
"../../../../../../Users/andre/Downloads/GAME2020_M1_Boulanger_Andrew_CarCombatGame_Group/Content/GT_Free2020/Materials/Bitmaps/Wood_OldPlanksWithBolts/T_OldWoodPlankFloorWithBolts_normal.uasset" 439
"../../../../../../Users/andre/Downloads/GAME2020_M1_Boulanger_Andrew_CarCombatGame_Group/Content/GT_Free2020/Materials/M_Wood_OldPlanksWithBolts_Inst.uasset" 440
"../../../../../../Users/andre/Downloads/GAME2020_M1_Boulanger_Andrew_CarCombatGame_Group/Content/GT_Free2020/Materials/Bitmaps/Trimsheet_Biomech/T_BiomechTrimKit_basecolor.uasset" 441
"../../../../../../Users/andre/Downloads/GAME2020_M1_Boulanger_Andrew_CarCombatGame_Group/Content/GT_Free2020/Materials/Bitmaps/Trimsheet_Biomech/T_BiomechTrimKit_mrao.uasset" 442
"../../../../../../Users/andre/Downloads/GAME2020_M1_Boulanger_Andrew_CarCombatGame_Group/Content/GT_Free2020/Materials/Bitmaps/Trimsheet_Biomech/T_BiomechTrimKit_normal.uasset" 443
"../../../../../../Users/andre/Downloads/GAME2020_M1_Boulanger_Andrew_CarCombatGame_Group/Content/GT_Free2020/Materials/M_Trimsheet_Biomech_Inst.uasset" 444
"../../../../../../Users/andre/Downloads/GAME2020_M1_Boulanger_Andrew_CarCombatGame_Group/Content/Blueprints/SK_Car_PhysicsAsset.uasset" 445
"../../../../../../Users/andre/Downloads/GAME2020_M1_Boulanger_Andrew_CarCombatGame_Group/Content/Blueprints/SK_Car.uasset" 446
"../../../../../../Users/andre/Downloads/GAME2020_M1_Boulanger_Andrew_CarCombatGame_Group/Content/Blueprints/BP_AI_Car.uasset" 447
"../../../../../../Users/andre/Downloads/GAME2020_M1_Boulanger_Andrew_CarCombatGame_Group/Content/Blueprints/myCarGame.uasset" 448
"../../../../../../Users/andre/Downloads/GAME2020_M1_Boulanger_Andrew_CarCombatGame_Group/Content/CarCombat_BuiltData.uasset" 449
"../../../Engine/Content/BasicShapes/BasicShapeMaterial.uasset" 450
"../../../../../../Users/andre/Downloads/GAME2020_M1_Boulanger_Andrew_CarCombatGame_Group/Content/GT_Free2020/Materials/M_Asphalt_CrackedRoad_Inst.uasset" 451
"../../../Engine/Content/BasicShapes/Cylinder.uasset" 452
"../../../Engine/Content/EngineMaterials/DefaultPhysicalMaterial.uasset" 453
"../../../../../../Users/andre/Downloads/GAME2020_M1_Boulanger_Andrew_CarCombatGame_Group/Content/Meshes/StaticMesh.uasset" 454
"../../../../../../Users/andre/Downloads/GAME2020_M1_Boulanger_Andrew_CarCombatGame_Group/Content/CarCombat.umap" 455
"../../../../../../Users/andre/Downloads/GAME2020_M1_Boulanger_Andrew_CarCombatGame_Group/Content/Blueprints/StartGameMode.uasset" 456
"../../../../../../Users/andre/Downloads/GAME2020_M1_Boulanger_Andrew_CarCombatGame_Group/Content/Start_BuiltData.uasset" 457
"../../../../../../Users/andre/Downloads/GAME2020_M1_Boulanger_Andrew_CarCombatGame_Group/Content/Start.umap" 458
"../../../Engine/Content/Maps/Entry_BuiltData.uasset" 459
"../../../Engine/Content/Maps/Entry.umap" 460
